SF:lib\src\core\datasource\local\local_db.dart
DA:14,0
DA:15,0
DA:18,0
DA:19,0
DA:23,0
DA:24,0
DA:25,0
DA:26,0
DA:27,0
DA:30,0
DA:37,0
DA:41,0
DA:43,0
DA:44,0
DA:46,0
DA:47,0
DA:58,0
DA:63,0
DA:65,0
DA:68,0
DA:69,0
DA:76,0
DA:79,0
DA:81,0
DA:84,0
DA:85,0
LF:26
LH:0
end_of_record
SF:lib\src\feature\expense\data\expense_repository.dart
DA:8,1
DA:9,1
DA:11,1
DA:13,2
DA:16,1
DA:19,2
DA:22,1
DA:24,2
LF:8
LH:8
end_of_record
SF:lib\src\feature\expense\domain\model\expense.dart
DA:13,11
DA:20,3
DA:21,12
DA:24,4
DA:25,16
DA:28,1
DA:29,1
DA:30,3
DA:33,1
DA:37,1
DA:38,1
DA:39,1
DA:41,1
DA:45,2
DA:46,1
DA:47,1
DA:48,1
DA:49,1
DA:52,5
DA:55,7
DA:57,2
DA:58,4
LF:22
LH:22
end_of_record
SF:lib\src\feature\expense\domain\usecase\expense_usecase.dart
DA:15,4
DA:16,4
DA:20,1
DA:24,2
DA:25,2
DA:26,1
DA:27,0
DA:35,3
DA:36,6
DA:37,6
DA:38,3
DA:39,0
DA:40,0
DA:42,12
DA:45,1
DA:46,1
DA:47,4
DA:51,1
DA:54,2
DA:55,2
DA:56,5
DA:57,5
DA:58,1
DA:59,0
DA:66,1
DA:67,2
DA:68,2
DA:69,2
DA:70,4
DA:71,1
DA:74,1
DA:75,4
LF:32
LH:28
end_of_record
SF:lib\src\feature\expense\domain\usecase\summary_usecase.dart
DA:16,3
DA:17,3
DA:21,3
DA:22,6
DA:23,6
DA:24,3
DA:25,0
DA:26,0
DA:28,6
DA:29,6
DA:32,1
DA:33,1
DA:34,2
DA:35,2
DA:38,3
DA:39,6
DA:40,6
DA:41,6
DA:42,12
DA:43,3
DA:44,14
DA:47,3
DA:48,6
DA:49,6
DA:50,6
DA:51,12
DA:52,3
DA:53,3
DA:56,2
DA:57,6
DA:58,10
DA:61,3
DA:62,6
DA:63,14
DA:64,5
DA:65,6
DA:66,4
DA:67,6
DA:69,3
LF:39
LH:37
end_of_record
SF:lib\src\feature\expense\ui\add_expense\add_expense_vm.dart
DA:8,2
DA:9,2
DA:10,0
DA:21,2
DA:22,2
DA:23,2
DA:26,2
DA:27,2
DA:28,8
DA:29,8
DA:30,8
DA:34,1
DA:35,1
DA:38,0
DA:39,0
DA:40,0
DA:41,0
DA:42,0
DA:43,0
DA:45,0
DA:46,0
DA:47,0
DA:48,0
DA:49,0
DA:50,0
DA:54,1
DA:56,2
DA:57,2
DA:58,1
LF:29
LH:16
end_of_record
SF:lib\src\core\util\flutter_toast.dart
DA:5,0
DA:6,0
LF:2
LH:0
end_of_record
SF:lib\src\core\widget\text_widget.dart
DA:15,7
DA:28,3
DA:30,3
DA:31,3
DA:32,3
DA:33,3
DA:34,3
DA:35,3
DA:36,3
DA:37,3
DA:38,3
DA:39,3
DA:40,6
DA:46,0
DA:56,0
DA:61,0
LF:16
LH:13
end_of_record
SF:lib\src\core\widget\textfield_widget.dart
DA:26,1
DA:46,1
DA:48,1
DA:50,1
DA:53,1
DA:54,1
DA:56,1
DA:58,1
DA:59,1
DA:61,1
DA:62,2
DA:65,1
DA:66,1
DA:67,1
DA:68,1
DA:69,1
DA:70,1
DA:71,2
DA:72,1
DA:74,1
DA:75,1
DA:76,1
DA:77,1
DA:79,1
DA:80,1
DA:81,1
DA:82,0
DA:83,0
DA:92,1
DA:94,1
LF:30
LH:28
end_of_record
SF:lib\src\feature\expense\ui\add_expense\add_expense_screen.dart
DA:15,1
DA:18,1
DA:20,2
DA:21,4
DA:22,1
DA:23,2
DA:24,1
DA:25,2
DA:26,1
DA:27,1
DA:28,1
DA:29,2
DA:34,1
DA:35,1
DA:36,1
DA:37,1
DA:38,1
DA:39,1
DA:41,1
DA:43,0
DA:44,0
DA:47,2
DA:48,1
DA:51,1
DA:54,1
DA:56,1
DA:58,2
DA:59,1
DA:61,1
DA:63,3
DA:65,1
DA:67,2
DA:70,0
DA:71,0
DA:75,1
DA:78,1
DA:80,0
DA:81,0
DA:83,2
DA:84,1
DA:87,2
DA:88,1
DA:89,0
DA:90,0
DA:91,0
DA:92,0
DA:95,1
DA:97,2
LF:48
LH:38
end_of_record
SF:lib\src\feature\expense\ui\expense_list\expense_list_vm.dart
DA:10,2
DA:11,1
DA:12,0
DA:18,6
DA:20,2
DA:21,2
DA:22,2
DA:25,2
DA:26,2
DA:27,2
DA:28,4
DA:29,2
DA:30,2
DA:33,1
DA:34,1
DA:35,1
DA:36,2
DA:37,1
DA:38,1
DA:41,0
DA:43,0
DA:45,0
DA:49,0
DA:50,0
DA:52,0
DA:56,0
DA:57,0
DA:58,0
DA:59,0
DA:60,0
DA:61,0
DA:62,0
DA:66,0
DA:68,0
DA:69,0
DA:73,0
DA:74,0
DA:75,0
DA:78,0
DA:79,0
LF:40
LH:18
end_of_record
SF:lib\src\feature\expense\ui\expense_list\expense_list_screen.dart
DA:12,1
DA:14,1
DA:16,2
DA:17,2
DA:18,1
DA:19,2
DA:20,1
DA:21,2
DA:22,1
DA:24,1
DA:25,2
DA:29,1
DA:30,1
DA:31,0
DA:32,0
DA:34,1
DA:36,2
DA:41,1
DA:42,1
DA:44,1
DA:47,1
DA:48,1
DA:50,1
DA:51,1
DA:52,1
DA:54,1
DA:56,2
DA:59,1
DA:60,0
DA:61,0
DA:63,0
DA:64,0
DA:65,0
DA:66,0
DA:67,0
DA:70,1
DA:72,2
DA:74,1
DA:75,0
DA:76,0
DA:78,1
DA:80,2
DA:85,1
DA:86,2
DA:87,1
DA:88,1
DA:90,1
DA:92,2
DA:95,1
DA:97,2
DA:99,2
DA:100,1
DA:101,2
DA:102,1
DA:103,2
DA:104,1
DA:106,3
DA:107,2
DA:108,1
DA:109,1
DA:110,1
DA:111,1
DA:116,1
DA:118,1
DA:123,1
DA:124,1
DA:125,1
DA:126,1
DA:127,1
DA:128,2
DA:129,1
DA:131,1
DA:132,1
DA:136,1
DA:137,0
DA:138,0
DA:141,1
DA:143,1
DA:144,1
DA:145,1
DA:148,2
DA:149,1
DA:150,1
DA:151,1
DA:153,1
DA:154,1
DA:156,1
DA:159,1
DA:160,1
DA:162,1
DA:164,1
DA:169,1
DA:171,1
DA:176,1
DA:177,1
DA:178,0
DA:179,0
DA:181,0
DA:186,1
DA:189,1
DA:192,1
DA:194,1
DA:196,1
DA:198,1
DA:200,0
DA:201,0
DA:205,1
DA:208,1
DA:209,1
DA:211,1
DA:212,1
DA:218,1
DA:220,1
DA:221,1
DA:222,1
DA:227,2
DA:228,1
DA:229,2
DA:230,1
DA:231,1
DA:232,1
DA:235,2
DA:236,1
DA:238,1
DA:239,2
DA:240,1
DA:242,2
DA:254,1
DA:255,1
DA:257,3
DA:260,0
DA:261,0
LF:132
LH:112
end_of_record
SF:lib\src\feature\expense\ui\view_summary\view_summary_screen.dart
DA:12,1
DA:14,1
DA:16,2
DA:17,2
DA:18,1
DA:20,1
DA:21,2
DA:22,1
DA:23,2
DA:24,1
DA:26,1
DA:27,2
DA:40,1
DA:41,1
DA:42,1
DA:45,1
DA:58,1
DA:60,1
DA:62,1
DA:63,2
DA:65,1
DA:68,1
DA:69,1
DA:71,1
DA:72,1
DA:73,1
DA:75,1
DA:77,2
DA:80,1
DA:81,0
DA:82,0
DA:84,0
DA:85,0
DA:86,0
DA:89,0
DA:92,1
DA:93,1
DA:94,1
DA:96,2
DA:97,1
DA:100,1
DA:102,2
DA:109,1
DA:110,3
DA:111,1
DA:112,1
DA:114,1
DA:116,2
DA:119,0
DA:120,0
DA:121,0
DA:122,0
DA:124,0
DA:126,0
DA:127,0
DA:129,0
DA:130,0
DA:131,0
DA:132,0
DA:133,0
DA:134,0
DA:135,0
DA:136,0
DA:137,0
DA:138,0
DA:140,0
DA:142,0
DA:147,0
DA:148,0
DA:152,0
DA:153,0
DA:154,0
DA:155,0
DA:156,0
DA:157,0
DA:159,0
DA:160,0
DA:161,0
DA:163,0
DA:164,0
DA:169,0
DA:170,0
DA:171,0
DA:172,0
DA:173,0
DA:174,0
DA:177,0
DA:184,0
DA:186,0
DA:187,0
DA:188,0
DA:190,0
DA:204,1
DA:205,0
DA:207,0
DA:209,0
DA:210,0
DA:211,0
DA:213,0
DA:214,0
DA:215,0
DA:217,0
DA:219,0
DA:222,0
DA:223,0
DA:224,0
DA:226,0
DA:227,0
DA:228,0
DA:231,0
DA:234,0
DA:235,0
DA:236,0
DA:238,0
DA:239,0
DA:242,0
DA:244,0
DA:251,0
DA:252,0
DA:253,0
DA:255,0
DA:257,0
DA:260,0
DA:261,0
DA:262,0
DA:264,0
DA:266,0
DA:267,0
DA:268,0
DA:270,0
DA:271,0
DA:272,0
DA:273,0
DA:274,0
DA:275,0
DA:276,0
DA:278,0
DA:281,0
DA:282,0
DA:283,0
DA:284,0
DA:286,0
DA:288,0
DA:293,0
DA:294,0
DA:296,0
DA:297,0
DA:299,0
DA:304,0
DA:305,0
DA:309,0
DA:310,0
DA:311,0
DA:312,0
DA:313,0
DA:314,0
DA:316,0
DA:317,0
DA:318,0
DA:320,0
DA:321,0
DA:326,0
DA:327,0
DA:328,0
DA:329,0
DA:330,0
DA:331,0
DA:334,0
DA:338,0
DA:339,0
DA:340,0
DA:342,0
LF:172
LH:43
end_of_record
SF:lib\src\feature\expense\ui\view_summary\view_summary_vm.dart
DA:6,2
DA:7,1
DA:8,0
DA:14,6
DA:15,0
DA:16,2
DA:17,2
DA:18,2
DA:21,2
DA:22,2
DA:23,2
DA:24,4
DA:25,4
DA:26,0
DA:28,2
DA:29,2
DA:32,1
DA:33,1
DA:34,1
DA:35,2
DA:36,2
DA:37,5
DA:39,1
DA:40,1
DA:44,0
DA:45,0
DA:47,0
DA:48,0
DA:49,0
DA:51,0
DA:55,0
DA:56,0
DA:58,0
DA:59,0
DA:60,0
DA:62,0
LF:36
LH:21
end_of_record
